<?xml version="1.0" encoding="UTF-8"?>
<!-- Generated by org.testng.reporters.JUnitReportReporter -->
<testsuite hostname="The-Beast" failures="0" tests="6" name="com.testing.amazon.tests.functional.SignUpTest" time="22.462" errors="0" timestamp="2023-11-20T12:49:22 IST" skipped="5">
  <testcase classname="com.testing.amazon.tests.functional.SignUpTest" name="signUpWithEmptyCredTest" time="22.462"/>
  <testcase classname="com.testing.amazon.tests.functional.SignUpTest" name="signUpWithInvalidPasswordCheckTest">
    <skipped/>
  </testcase> <!-- signUpWithInvalidPasswordCheckTest -->
  <testcase classname="com.testing.amazon.tests.functional.SignUpTest" name="signUpWithInvalidUserNameTest">
    <skipped/>
  </testcase> <!-- signUpWithInvalidUserNameTest -->
  <testcase classname="com.testing.amazon.tests.functional.SignUpTest" name="signUpWithInvalidPhoneNumberTest">
    <skipped/>
  </testcase> <!-- signUpWithInvalidPhoneNumberTest -->
  <testcase classname="com.testing.amazon.tests.functional.SignUpTest" name="signUpWithInvalidPasswordTest">
    <skipped/>
  </testcase> <!-- signUpWithInvalidPasswordTest -->
  <testcase classname="com.testing.amazon.tests.functional.SignUpTest" name="signUpWithInvalidEmailTest">
    <skipped/>
  </testcase> <!-- signUpWithInvalidEmailTest -->
</testsuite> <!-- com.testing.amazon.tests.functional.SignUpTest -->
